2019-03-03 00:16:22,804 -BrowserEngine -INFO -读取浏览器成功
2019-03-03 00:16:22,804 -BrowserEngine -INFO -找到URL:http://127.0.0.1/forum.php
2019-03-03 00:16:25,257 -BrowserEngine -INFO -浏览器为谷歌
2019-03-03 00:16:26,091 -BrowserEngine -INFO -打开浏览器http://127.0.0.1/forum.php
2019-03-03 00:16:27,301 -BasePage -INFO -找到页面元素
2019-03-03 00:16:27,366 -BasePage -INFO -清除文本框成功
2019-03-03 00:16:27,413 -BasePage -INFO -找到页面元素
2019-03-03 00:16:27,479 -BasePage -INFO -文本框成功写入文本：admin
2019-03-03 00:16:27,514 -BasePage -INFO -找到页面元素
2019-03-03 00:16:27,543 -BasePage -INFO -清除文本框成功
2019-03-03 00:16:27,568 -BasePage -INFO -找到页面元素
2019-03-03 00:16:27,647 -BasePage -INFO -文本框成功写入文本：admin
2019-03-03 00:16:27,677 -BasePage -INFO -找到页面元素
2019-03-03 00:16:27,759 -BasePage -INFO -点击操作成功
2019-03-03 00:16:28,856 -BasePage -INFO -找到页面元素
2019-03-03 00:16:29,214 -BasePage -INFO -点击操作成功
2019-03-03 00:16:31,297 -BasePage -INFO -找到页面元素
2019-03-03 00:16:31,802 -BasePage -INFO -点击操作成功
2019-03-03 00:16:31,868 -BasePage -INFO -找到页面元素
2019-03-03 00:16:32,261 -BasePage -INFO -点击操作成功
2019-03-03 00:16:33,342 -BasePage -INFO -找到页面元素
2019-03-03 00:16:33,503 -BasePage -INFO -文本框成功写入文本：爱听的歌曲
2019-03-03 00:16:33,532 -BasePage -INFO -找到页面元素
2019-03-03 00:16:33,609 -BasePage -INFO -文本框成功写入文本：光年之外
2019-03-03 00:16:33,639 -BasePage -INFO -找到页面元素
2019-03-03 00:16:33,734 -BasePage -INFO -文本框成功写入文本：恋人未满
2019-03-03 00:16:33,772 -BasePage -INFO -找到页面元素
2019-03-03 00:16:33,855 -BasePage -INFO -文本框成功写入文本：地铁等待
2019-03-03 00:16:33,887 -BasePage -INFO -找到页面元素
2019-03-03 00:16:33,938 -BasePage -INFO -点击操作成功
2019-03-03 00:16:33,994 -BasePage -INFO -找到页面元素
2019-03-03 00:16:34,080 -BasePage -INFO -文本框成功写入文本：天若有情
2019-03-03 00:16:34,111 -BasePage -INFO -找到页面元素
2019-03-03 00:16:34,163 -BasePage -INFO -点击操作成功
2019-03-03 00:16:35,202 -BasePage -INFO -找到页面元素
2019-03-03 00:16:35,297 -BasePage -INFO -点击操作成功
2019-03-03 00:16:37,219 -BasePage -INFO -找到页面元素
2019-03-03 00:16:37,290 -BasePage -INFO -点击操作成功
2019-03-03 00:16:38,333 -BasePage -INFO -找到页面元素
2019-03-03 00:16:39,032 -BasePage -INFO -点击操作成功
2019-03-03 00:16:42,479 -BasePage -INFO -找到页面元素
2019-03-03 00:16:42,524 -BasePage -INFO -得到文本内容：爱听的歌曲
2019-03-03 00:16:42,524 -Test_four_homepage -INFO -投票的主题是：爱听的歌曲
2019-03-03 00:16:45,526 -BrowserEngine -INFO -现在关闭浏览器
2019-03-03 00:16:47,743 -BrowserEngine -INFO -读取浏览器成功
2019-03-03 00:16:47,743 -BrowserEngine -INFO -找到URL:http://127.0.0.1/forum.php
2019-03-03 00:16:50,003 -BrowserEngine -INFO -浏览器为谷歌
2019-03-03 00:16:50,724 -BrowserEngine -INFO -打开浏览器http://127.0.0.1/forum.php
2019-03-03 00:16:51,890 -BasePage -INFO -找到页面元素
2019-03-03 00:16:51,935 -BasePage -INFO -清除文本框成功
2019-03-03 00:16:51,956 -BasePage -INFO -找到页面元素
2019-03-03 00:16:52,053 -BasePage -INFO -文本框成功写入文本：admin
2019-03-03 00:16:52,083 -BasePage -INFO -找到页面元素
2019-03-03 00:16:52,110 -BasePage -INFO -清除文本框成功
2019-03-03 00:16:52,127 -BasePage -INFO -找到页面元素
2019-03-03 00:16:52,180 -BasePage -INFO -文本框成功写入文本：admin
2019-03-03 00:16:52,210 -BasePage -INFO -找到页面元素
2019-03-03 00:16:52,263 -BasePage -INFO -点击操作成功
2019-03-03 00:16:53,302 -BasePage -INFO -找到页面元素
2019-03-03 00:16:53,640 -BasePage -INFO -点击操作成功
2019-03-03 00:16:54,679 -BasePage -INFO -找到页面元素
2019-03-03 00:16:54,758 -BasePage -INFO -文本框成功写入文本：搭建框架
2019-03-03 00:16:54,791 -BasePage -INFO -找到页面元素
2019-03-03 00:16:54,890 -BasePage -INFO -文本框成功写入文本：今天学习搭建自动化测试框架
2019-03-03 00:16:54,938 -BasePage -INFO -找到页面元素
2019-03-03 00:16:57,317 -BasePage -INFO -点击操作成功
2019-03-03 00:16:57,380 -BasePage -INFO -找到页面元素
2019-03-03 00:16:57,507 -BasePage -INFO -文本框成功写入文本：好好努力，加油鸭
2019-03-03 00:16:57,547 -BasePage -INFO -找到页面元素
2019-03-03 00:16:58,097 -BasePage -INFO -点击操作成功
2019-03-03 00:16:59,205 -BasePage -INFO -找到页面元素
2019-03-03 00:16:59,506 -BasePage -INFO -点击操作成功
2019-03-03 00:17:02,506 -BrowserEngine -INFO -现在关闭浏览器
2019-03-03 00:17:04,688 -BrowserEngine -INFO -读取浏览器成功
2019-03-03 00:17:04,689 -BrowserEngine -INFO -找到URL:http://127.0.0.1/forum.php
2019-03-03 00:17:07,062 -BrowserEngine -INFO -浏览器为谷歌
2019-03-03 00:17:07,709 -BrowserEngine -INFO -打开浏览器http://127.0.0.1/forum.php
2019-03-03 00:17:08,928 -BasePage -INFO -找到页面元素
2019-03-03 00:17:08,985 -BasePage -INFO -清除文本框成功
2019-03-03 00:17:09,029 -BasePage -INFO -找到页面元素
2019-03-03 00:17:09,091 -BasePage -INFO -文本框成功写入文本：lucky
2019-03-03 00:17:09,122 -BasePage -INFO -找到页面元素
2019-03-03 00:17:09,151 -BasePage -INFO -清除文本框成功
2019-03-03 00:17:09,166 -BasePage -INFO -找到页面元素
2019-03-03 00:17:09,225 -BasePage -INFO -文本框成功写入文本：lucky
2019-03-03 00:17:09,253 -BasePage -INFO -找到页面元素
2019-03-03 00:17:09,305 -BasePage -INFO -点击操作成功
2019-03-03 00:17:11,396 -BasePage -INFO -找到页面元素
2019-03-03 00:17:11,483 -BasePage -INFO -清除文本框成功
2019-03-03 00:17:13,528 -BasePage -INFO -找到页面元素
2019-03-03 00:17:13,670 -BasePage -INFO -文本框成功写入文本：haotest
2019-03-03 00:17:15,696 -BasePage -INFO -找到页面元素
2019-03-03 00:17:15,769 -BasePage -INFO -点击操作成功
2019-03-03 00:17:17,775 -BasePage -INFO -切换窗口成功
2019-03-03 00:17:19,836 -BasePage -INFO -找到页面元素
2019-03-03 00:17:19,912 -BasePage -INFO -点击操作成功
2019-03-03 00:17:20,915 -BasePage -INFO -切换窗口成功
2019-03-03 00:17:23,015 -BasePage -INFO -找到页面元素
2019-03-03 00:17:23,051 -BasePage -INFO -得到文本内容：haotest
2019-03-03 00:17:23,080 -BasePage -INFO -切换窗口成功
2019-03-03 00:17:23,112 -BasePage -INFO -切换窗口成功
2019-03-03 00:17:24,212 -BasePage -INFO -找到页面元素
2019-03-03 00:17:24,425 -BasePage -INFO -点击操作成功
2019-03-03 00:17:28,426 -BrowserEngine -INFO -现在关闭浏览器
2019-03-03 00:17:30,637 -BrowserEngine -INFO -读取浏览器成功
2019-03-03 00:17:30,638 -BrowserEngine -INFO -找到URL:http://127.0.0.1/forum.php
2019-03-03 00:17:32,966 -BrowserEngine -INFO -浏览器为谷歌
2019-03-03 00:17:33,530 -BrowserEngine -INFO -打开浏览器http://127.0.0.1/forum.php
2019-03-03 00:17:34,689 -BasePage -INFO -找到页面元素
2019-03-03 00:17:34,727 -BasePage -INFO -清除文本框成功
2019-03-03 00:17:34,749 -BasePage -INFO -找到页面元素
2019-03-03 00:17:34,844 -BasePage -INFO -文本框成功写入文本：admin
2019-03-03 00:17:34,873 -BasePage -INFO -找到页面元素
2019-03-03 00:17:34,902 -BasePage -INFO -清除文本框成功
2019-03-03 00:17:34,920 -BasePage -INFO -找到页面元素
2019-03-03 00:17:34,981 -BasePage -INFO -文本框成功写入文本：admin
2019-03-03 00:17:35,010 -BasePage -INFO -找到页面元素
2019-03-03 00:17:35,060 -BasePage -INFO -点击操作成功
2019-03-03 00:17:36,109 -BasePage -INFO -找到页面元素
2019-03-03 00:17:36,450 -BasePage -INFO -点击操作成功
2019-03-03 00:17:37,482 -BasePage -INFO -找到页面元素
2019-03-03 00:17:37,533 -BasePage -INFO -点击操作成功
2019-03-03 00:17:38,585 -BasePage -INFO -找到页面元素
2019-03-03 00:17:38,792 -BasePage -INFO -点击操作成功
2019-03-03 00:17:40,869 -BasePage -INFO -找到页面元素
2019-03-03 00:17:42,338 -BasePage -INFO -点击操作成功
2019-03-03 00:17:45,385 -BasePage -INFO -找到页面元素
2019-03-03 00:17:45,464 -BasePage -INFO -点击操作成功
2019-03-03 00:17:46,477 -BasePage -INFO -切换窗口成功
2019-03-03 00:17:48,543 -BasePage -INFO -找到页面元素
2019-03-03 00:17:48,632 -BasePage -INFO -文本框成功写入文本：admin
2019-03-03 00:17:49,707 -BasePage -INFO -找到页面元素
2019-03-03 00:18:17,423 -BasePage -INFO -点击操作成功
2019-03-03 00:18:18,454 -BasePage -INFO -找到页面元素
2019-03-03 00:18:18,848 -BasePage -INFO -点击操作成功
2019-03-03 00:18:19,862 -BasePage -INFO -切换窗口成功
2019-03-03 00:18:21,986 -BasePage -INFO -找到页面元素
2019-03-03 00:18:22,192 -BasePage -INFO -点击操作成功
2019-03-03 00:18:23,249 -BasePage -INFO -找到页面元素
2019-03-03 00:18:23,314 -BasePage -INFO -清除文本框成功
2019-03-03 00:18:24,361 -BasePage -INFO -找到页面元素
2019-03-03 00:18:24,551 -BasePage -INFO -文本框成功写入文本：自动化测试
2019-03-03 00:18:25,611 -BasePage -INFO -找到页面元素
2019-03-03 00:18:26,195 -BasePage -INFO -点击操作成功
2019-03-03 00:18:28,209 -BasePage -INFO -切换窗口成功
2019-03-03 00:18:29,479 -BasePage -INFO -找到页面元素
2019-03-03 00:18:29,971 -BasePage -INFO -点击操作成功
2019-03-03 00:18:32,047 -BasePage -INFO -找到页面元素
2019-03-03 00:18:32,258 -BasePage -INFO -点击操作成功
2019-03-03 00:18:35,347 -BasePage -INFO -找到页面元素
2019-03-03 00:18:35,415 -BasePage -INFO -清除文本框成功
2019-03-03 00:18:35,433 -BasePage -INFO -找到页面元素
2019-03-03 00:18:35,531 -BasePage -INFO -文本框成功写入文本：lucky 
2019-03-03 00:18:35,576 -BasePage -INFO -找到页面元素
2019-03-03 00:18:35,611 -BasePage -INFO -清除文本框成功
2019-03-03 00:18:35,630 -BasePage -INFO -找到页面元素
2019-03-03 00:18:35,684 -BasePage -INFO -文本框成功写入文本：lucky
2019-03-03 00:18:35,732 -BasePage -INFO -找到页面元素
2019-03-03 00:18:35,820 -BasePage -INFO -点击操作成功
2019-03-03 00:18:38,904 -BasePage -INFO -找到页面元素
2019-03-03 00:18:39,375 -BasePage -INFO -点击操作成功
2019-03-03 00:18:40,462 -BasePage -INFO -找到页面元素
2019-03-03 00:18:40,564 -BasePage -INFO -文本框成功写入文本：你好呀
2019-03-03 00:18:40,602 -BasePage -INFO -找到页面元素
2019-03-03 00:18:40,689 -BasePage -INFO -文本框成功写入文本：今天也要加油鸭！！！
2019-03-03 00:18:40,721 -BasePage -INFO -找到页面元素
2019-03-03 00:18:42,711 -BasePage -INFO -点击操作成功
2019-03-03 00:18:43,792 -BasePage -INFO -找到页面元素
2019-03-03 00:18:43,968 -BasePage -INFO -文本框成功写入文本：是的呀,加油鸭，加油鸭
2019-03-03 00:18:43,998 -BasePage -INFO -找到页面元素
2019-03-03 00:18:44,232 -BasePage -INFO -点击操作成功
2019-03-03 00:18:47,232 -BrowserEngine -INFO -现在关闭浏览器
