2019-04-07 19:03:51,575 -BrowserEngine -INFO -读取浏览器成功
2019-04-07 19:03:51,576 -BrowserEngine -INFO -找到URL:http://127.0.0.1/forum.php
2019-04-07 19:03:54,750 -BrowserEngine -INFO -浏览器为谷歌
2019-04-07 19:03:57,783 -BrowserEngine -INFO -打开浏览器http://127.0.0.1/forum.php
2019-04-07 19:03:58,979 -BasePage -INFO -找到页面元素
2019-04-07 19:03:59,072 -BasePage -INFO -清除文本框成功
2019-04-07 19:03:59,097 -BasePage -INFO -找到页面元素
2019-04-07 19:03:59,239 -BasePage -INFO -文本框成功写入文本：admin
2019-04-07 19:03:59,277 -BasePage -INFO -找到页面元素
2019-04-07 19:03:59,311 -BasePage -INFO -清除文本框成功
2019-04-07 19:03:59,329 -BasePage -INFO -找到页面元素
2019-04-07 19:03:59,432 -BasePage -INFO -文本框成功写入文本：admin
2019-04-07 19:03:59,481 -BasePage -INFO -找到页面元素
2019-04-07 19:03:59,567 -BasePage -INFO -点击操作成功
2019-04-07 19:04:01,010 -BasePage -INFO -截图保存到 /screenshots
2019-04-07 19:04:02,046 -BasePage -INFO -找到页面元素
2019-04-07 19:04:02,815 -BasePage -INFO -点击操作成功
2019-04-07 19:04:03,849 -BasePage -INFO -找到页面元素
2019-04-07 19:04:03,913 -BasePage -INFO -点击操作成功
2019-04-07 19:04:04,954 -BasePage -INFO -找到页面元素
2019-04-07 19:04:05,344 -BasePage -INFO -点击操作成功
2019-04-07 19:04:07,388 -BasePage -INFO -找到页面元素
2019-04-07 19:04:08,730 -BasePage -INFO -点击操作成功
2019-04-07 19:04:09,136 -BasePage -INFO -截图保存到 /screenshots
2019-04-07 19:04:12,183 -BasePage -INFO -找到页面元素
2019-04-07 19:04:12,298 -BasePage -INFO -点击操作成功
2019-04-07 19:04:13,339 -BasePage -INFO -切换窗口成功
2019-04-07 19:04:15,414 -BasePage -INFO -找到页面元素
2019-04-07 19:04:15,476 -BasePage -INFO -文本框成功写入文本：admin
2019-04-07 19:04:16,509 -BasePage -INFO -找到页面元素
2019-04-07 19:04:42,535 -BasePage -INFO -点击操作成功
2019-04-07 19:04:43,567 -BasePage -INFO -找到页面元素
2019-04-07 19:04:43,908 -BasePage -INFO -点击操作成功
2019-04-07 19:04:44,914 -BasePage -INFO -切换窗口成功
2019-04-07 19:04:46,967 -BasePage -INFO -找到页面元素
2019-04-07 19:04:47,146 -BasePage -INFO -点击操作成功
2019-04-07 19:04:48,179 -BasePage -INFO -找到页面元素
2019-04-07 19:04:48,214 -BasePage -INFO -清除文本框成功
2019-04-07 19:04:49,232 -BasePage -INFO -找到页面元素
2019-04-07 19:04:49,371 -BasePage -INFO -文本框成功写入文本：自动化测试
2019-04-07 19:04:50,403 -BasePage -INFO -找到页面元素
2019-04-07 19:04:50,739 -BasePage -INFO -点击操作成功
2019-04-07 19:04:51,063 -BasePage -INFO -截图保存到 /screenshots
2019-04-07 19:04:53,068 -BasePage -INFO -切换窗口成功
2019-04-07 19:04:54,104 -BasePage -INFO -找到页面元素
2019-04-07 19:04:54,643 -BasePage -INFO -点击操作成功
2019-04-07 19:04:54,995 -BasePage -INFO -截图保存到 /screenshots
2019-04-07 19:04:56,034 -BasePage -INFO -找到页面元素
2019-04-07 19:04:56,371 -BasePage -INFO -点击操作成功
2019-04-07 19:04:56,722 -BasePage -INFO -截图保存到 /screenshots
2019-04-07 19:04:58,561 -BasePage -INFO -找到页面元素
2019-04-07 19:04:58,612 -BasePage -INFO -清除文本框成功
2019-04-07 19:04:58,636 -BasePage -INFO -找到页面元素
2019-04-07 19:04:58,705 -BasePage -INFO -文本框成功写入文本：lucky 
2019-04-07 19:04:58,749 -BasePage -INFO -找到页面元素
2019-04-07 19:04:58,780 -BasePage -INFO -清除文本框成功
2019-04-07 19:04:58,798 -BasePage -INFO -找到页面元素
2019-04-07 19:04:58,861 -BasePage -INFO -文本框成功写入文本：lucky
2019-04-07 19:04:58,893 -BasePage -INFO -找到页面元素
2019-04-07 19:04:58,955 -BasePage -INFO -点击操作成功
2019-04-07 19:04:59,488 -BasePage -INFO -截图保存到 /screenshots
2019-04-07 19:05:02,519 -BasePage -INFO -找到页面元素
2019-04-07 19:05:02,841 -BasePage -INFO -点击操作成功
2019-04-07 19:05:03,876 -BasePage -INFO -找到页面元素
2019-04-07 19:05:03,956 -BasePage -INFO -文本框成功写入文本：你好呀
2019-04-07 19:05:03,993 -BasePage -INFO -找到页面元素
2019-04-07 19:05:04,091 -BasePage -INFO -文本框成功写入文本：今天也要加油鸭！！！
2019-04-07 19:05:04,127 -BasePage -INFO -找到页面元素
