2019-03-03 00:03:11,543 -BrowserEngine -INFO -读取浏览器成功
2019-03-03 00:03:11,543 -BrowserEngine -INFO -找到URL:http://127.0.0.1/forum.php
2019-03-03 00:03:13,929 -BrowserEngine -INFO -浏览器为谷歌
2019-03-03 00:03:14,647 -BrowserEngine -INFO -打开浏览器http://127.0.0.1/forum.php
2019-03-03 00:03:15,860 -BasePage -INFO -找到页面元素
2019-03-03 00:03:15,931 -BasePage -INFO -清除文本框成功
2019-03-03 00:03:15,985 -BasePage -INFO -找到页面元素
2019-03-03 00:03:16,052 -BasePage -INFO -文本框成功写入文本：admin
2019-03-03 00:03:16,085 -BasePage -INFO -找到页面元素
2019-03-03 00:03:16,112 -BasePage -INFO -清除文本框成功
2019-03-03 00:03:16,131 -BasePage -INFO -找到页面元素
2019-03-03 00:03:16,185 -BasePage -INFO -文本框成功写入文本：admin
2019-03-03 00:03:16,216 -BasePage -INFO -找到页面元素
2019-03-03 00:03:16,273 -BasePage -INFO -点击操作成功
2019-03-03 00:03:17,304 -BasePage -INFO -找到页面元素
2019-03-03 00:03:17,747 -BasePage -INFO -点击操作成功
2019-03-03 00:03:19,784 -BasePage -INFO -找到页面元素
2019-03-03 00:03:20,320 -BasePage -INFO -点击操作成功
2019-03-03 00:03:20,356 -BasePage -INFO -找到页面元素
2019-03-03 00:03:20,876 -BasePage -INFO -点击操作成功
2019-03-03 00:03:21,910 -BasePage -INFO -找到页面元素
2019-03-03 00:03:22,018 -BasePage -INFO -文本框成功写入文本：爱听的歌曲
2019-03-03 00:03:22,049 -BasePage -INFO -找到页面元素
2019-03-03 00:03:22,130 -BasePage -INFO -文本框成功写入文本：光年之外
2019-03-03 00:03:22,159 -BasePage -INFO -找到页面元素
2019-03-03 00:03:22,220 -BasePage -INFO -文本框成功写入文本：恋人未满
2019-03-03 00:03:22,248 -BasePage -INFO -找到页面元素
2019-03-03 00:03:22,310 -BasePage -INFO -文本框成功写入文本：地铁等待
2019-03-03 00:03:22,340 -BasePage -INFO -找到页面元素
2019-03-03 00:03:22,395 -BasePage -INFO -点击操作成功
2019-03-03 00:03:22,431 -BasePage -INFO -找到页面元素
2019-03-03 00:03:22,517 -BasePage -INFO -文本框成功写入文本：天若有情
2019-03-03 00:03:22,551 -BasePage -INFO -找到页面元素
2019-03-03 00:03:22,603 -BasePage -INFO -点击操作成功
2019-03-03 00:03:23,683 -BasePage -INFO -找到页面元素
2019-03-03 00:03:23,868 -BasePage -INFO -点击操作成功
2019-03-03 00:03:43,787 -BasePage -INFO -找到页面元素
2019-03-03 00:03:43,853 -BasePage -INFO -点击操作成功
2019-03-03 00:03:44,934 -BasePage -INFO -找到页面元素
2019-03-03 00:06:22,392 -BasePage -INFO -点击操作成功
2019-03-03 00:06:23,882 -BasePage -INFO -找到页面元素
2019-03-03 00:06:23,927 -BasePage -INFO -得到文本内容：爱听的歌曲
2019-03-03 00:06:23,928 -Test_four_homepage -INFO -投票的主题是：爱听的歌曲
2019-03-03 00:06:26,928 -BrowserEngine -INFO -现在关闭浏览器
