2019-03-22 22:44:28,913 -BrowserEngine -INFO -读取浏览器成功
2019-03-22 22:44:28,913 -BrowserEngine -INFO -找到URL:http://127.0.0.1/forum.php
2019-03-22 22:44:31,285 -BrowserEngine -INFO -浏览器为谷歌
2019-03-22 22:44:31,875 -BrowserEngine -INFO -打开浏览器http://127.0.0.1/forum.php
2019-03-22 22:44:33,052 -BasePage -INFO -找到页面元素
2019-03-22 22:44:33,103 -BasePage -INFO -清除文本框成功
2019-03-22 22:44:33,160 -BasePage -INFO -找到页面元素
2019-03-22 22:44:33,234 -BasePage -INFO -文本框成功写入文本：admin
2019-03-22 22:44:33,269 -BasePage -INFO -找到页面元素
2019-03-22 22:44:33,302 -BasePage -INFO -清除文本框成功
2019-03-22 22:44:33,321 -BasePage -INFO -找到页面元素
2019-03-22 22:44:33,383 -BasePage -INFO -文本框成功写入文本：admin
2019-03-22 22:44:33,418 -BasePage -INFO -找到页面元素
2019-03-22 22:44:33,482 -BasePage -INFO -点击操作成功
2019-03-22 22:44:34,089 -BasePage -INFO -截图保存到 /screenshots
2019-03-22 22:44:34,158 -BasePage -INFO -找到页面元素
2019-03-22 22:44:34,223 -BasePage -INFO -清除文本框成功
2019-03-22 22:44:36,241 -BasePage -INFO -找到页面元素
2019-03-22 22:44:36,331 -BasePage -INFO -文本框成功写入文本：haotest
2019-03-22 22:44:38,363 -BasePage -INFO -找到页面元素
2019-03-22 22:44:38,444 -BasePage -INFO -点击操作成功
2019-03-22 22:44:38,887 -BasePage -INFO -截图保存到 /screenshots
2019-03-22 22:44:40,904 -BasePage -INFO -切换窗口成功
2019-03-22 22:44:42,955 -BasePage -INFO -找到页面元素
2019-03-22 22:44:43,040 -BasePage -INFO -点击操作成功
2019-03-22 22:44:43,419 -BasePage -INFO -截图保存到 /screenshots
2019-03-22 22:44:44,458 -BasePage -INFO -切换窗口成功
2019-03-22 22:44:46,528 -BasePage -INFO -找到页面元素
2019-03-22 22:44:46,558 -BasePage -INFO -得到文本内容：haotest
2019-03-22 22:44:46,885 -BasePage -INFO -截图保存到 /screenshots
2019-03-22 22:44:47,933 -BasePage -INFO -找到页面元素
2019-03-22 22:44:48,165 -BasePage -INFO -点击操作成功
2019-03-22 22:44:48,533 -BasePage -INFO -截图保存到 /screenshots
2019-03-22 22:44:51,535 -BrowserEngine -INFO -现在关闭浏览器
